13:50:20.010 [AWT-EventQueue-0] INFO  org.eclipse.jetty.util.log - Logging initialized @9253ms
13:50:20.052 [StartIDEWebServerThread] INFO  com.flow.ide.server.JettyWebServer - Starting service on port: 3571
13:50:20.052 [StartIDEWebServerThread] INFO  com.flow.ide.server.JettyWebServer - Jetty web server is starting
13:50:20.053 [StartIDEWebServerThread] INFO  org.eclipse.jetty.server.Server - jetty-9.2.z-SNAPSHOT
13:50:20.061 [StartIDEWebServerThread] INFO  / - Initializing Spring root WebApplicationContext
13:50:20.062 [StartIDEWebServerThread] INFO  o.s.web.context.ContextLoader - Root WebApplicationContext: initialization started
13:50:20.078 [StartIDEWebServerThread] INFO  o.s.w.c.s.AnnotationConfigWebApplicationContext - Refreshing Root WebApplicationContext: startup date [Thu Jan 12 13:50:20 PST 2023]; root of context hierarchy
13:50:20.090 [StartIDEWebServerThread] INFO  o.s.w.c.s.AnnotationConfigWebApplicationContext - Registering annotated classes: [class com.flow.intellij.bootstrap.IntellijConfiguration,class com.flow.ide.TopConfiguration]
13:50:20.117 [StartIDEWebServerThread] WARN  o.s.w.c.s.AnnotationConfigWebApplicationContext - Exception encountered during context initialization - cancelling refresh attempt: org.springframework.beans.factory.BeanDefinitionStoreException: Failed to read candidate component class: URL [jar:file:/Users/davidmoshal/Library/Application%20Support/JetBrains/Toolbox/apps/IDEA-U/ch-0/223.8214.52/IntelliJ%20IDEA.app.plugins/flow/lib/com.flow.ide-v20180402075523.jar!/com/flow/TopConfiguration.class]; nested exception is java.nio.file.NoSuchFileException: Cannot find `com/flow/TopConfiguration.class` in /Users/davidmoshal/Library/Application Support/JetBrains/Toolbox/apps/IDEA-U/ch-0/223.8214.52/IntelliJ IDEA.app.plugins/flow/lib/com.flow.ide-v20180402075523.jar
13:50:20.119 [StartIDEWebServerThread] ERROR o.s.web.context.ContextLoader - Context initialization failed
org.springframework.beans.factory.BeanDefinitionStoreException: Failed to read candidate component class: URL [jar:file:/Users/davidmoshal/Library/Application%20Support/JetBrains/Toolbox/apps/IDEA-U/ch-0/223.8214.52/IntelliJ%20IDEA.app.plugins/flow/lib/com.flow.ide-v20180402075523.jar!/com/flow/TopConfiguration.class]; nested exception is java.nio.file.NoSuchFileException: Cannot find `com/flow/TopConfiguration.class` in /Users/davidmoshal/Library/Application Support/JetBrains/Toolbox/apps/IDEA-U/ch-0/223.8214.52/IntelliJ IDEA.app.plugins/flow/lib/com.flow.ide-v20180402075523.jar
	at org.springframework.context.annotation.ClassPathScanningCandidateComponentProvider.findCandidateComponents(ClassPathScanningCandidateComponentProvider.java:303)
	at org.springframework.context.annotation.ClassPathBeanDefinitionScanner.doScan(ClassPathBeanDefinitionScanner.java:248)
	at org.springframework.context.annotation.ComponentScanAnnotationParser.parse(ComponentScanAnnotationParser.java:144)
	at org.springframework.context.annotation.ConfigurationClassParser.doProcessConfigurationClass(ConfigurationClassParser.java:275)
	at org.springframework.context.annotation.ConfigurationClassParser.processConfigurationClass(ConfigurationClassParser.java:237)
	at org.springframework.context.annotation.ConfigurationClassParser.parse(ConfigurationClassParser.java:204)
	at org.springframework.context.annotation.ConfigurationClassParser.parse(ConfigurationClassParser.java:173)
	at org.springframework.context.annotation.ConfigurationClassPostProcessor.processConfigBeanDefinitions(ConfigurationClassPostProcessor.java:321)
	at org.springframework.context.annotation.ConfigurationClassPostProcessor.postProcessBeanDefinitionRegistry(ConfigurationClassPostProcessor.java:243)
	at org.springframework.context.support.PostProcessorRegistrationDelegate.invokeBeanDefinitionRegistryPostProcessors(PostProcessorRegistrationDelegate.java:273)
	at org.springframework.context.support.PostProcessorRegistrationDelegate.invokeBeanFactoryPostProcessors(PostProcessorRegistrationDelegate.java:98)
	at org.springframework.context.support.AbstractApplicationContext.invokeBeanFactoryPostProcessors(AbstractApplicationContext.java:681)
	at org.springframework.context.support.AbstractApplicationContext.refresh(AbstractApplicationContext.java:523)
	at org.springframework.web.context.ContextLoader.configureAndRefreshWebApplicationContext(ContextLoader.java:444)
	at org.springframework.web.context.ContextLoader.initWebApplicationContext(ContextLoader.java:326)
	at org.springframework.web.context.ContextLoaderListener.contextInitialized(ContextLoaderListener.java:107)
	at org.eclipse.jetty.server.handler.ContextHandler.callContextInitialized(ContextHandler.java:800)
	at org.eclipse.jetty.servlet.ServletContextHandler.callContextInitialized(ServletContextHandler.java:444)
	at org.eclipse.jetty.server.handler.ContextHandler.startContext(ContextHandler.java:791)
	at org.eclipse.jetty.servlet.ServletContextHandler.startContext(ServletContextHandler.java:294)
	at org.eclipse.jetty.server.handler.ContextHandler.doStart(ContextHandler.java:741)
	at org.eclipse.jetty.util.component.AbstractLifeCycle.start(AbstractLifeCycle.java:68)
	at org.eclipse.jetty.util.component.ContainerLifeCycle.start(ContainerLifeCycle.java:132)
	at org.eclipse.jetty.server.Server.start(Server.java:387)
	at org.eclipse.jetty.util.component.ContainerLifeCycle.doStart(ContainerLifeCycle.java:114)
	at org.eclipse.jetty.server.handler.AbstractHandler.doStart(AbstractHandler.java:61)
	at org.eclipse.jetty.server.Server.doStart(Server.java:354)
	at org.eclipse.jetty.util.component.AbstractLifeCycle.start(AbstractLifeCycle.java:68)
	at com.flow.ide.server.JettyWebServer.start(JettyWebServer.java:59)
	at com.flow.intellij.bootstrap.FlowApplicationComponent$1.run(FlowApplicationComponent.java:58)
	at java.base/java.lang.Thread.run(Thread.java:833)
Caused by: java.nio.file.NoSuchFileException: Cannot find `com/flow/TopConfiguration.class` in /Users/davidmoshal/Library/Application Support/JetBrains/Toolbox/apps/IDEA-U/ch-0/223.8214.52/IntelliJ IDEA.app.plugins/flow/lib/com.flow.ide-v20180402075523.jar
	at com.intellij.util.lang.ZipResourceFile$MyJarUrlConnection.connect(ZipResourceFile.java:293)
	at com.intellij.util.lang.ZipResourceFile$MyJarUrlConnection.getInputStream(ZipResourceFile.java:306)
	at org.springframework.core.io.UrlResource.getInputStream(UrlResource.java:169)
	at org.springframework.core.type.classreading.SimpleMetadataReader.<init>(SimpleMetadataReader.java:50)
	at org.springframework.core.type.classreading.SimpleMetadataReaderFactory.getMetadataReader(SimpleMetadataReaderFactory.java:98)
	at org.springframework.core.type.classreading.CachingMetadataReaderFactory.getMetadataReader(CachingMetadataReaderFactory.java:102)
	at org.springframework.context.annotation.ClassPathScanningCandidateComponentProvider.findCandidateComponents(ClassPathScanningCandidateComponentProvider.java:279)
	... 30 common frames omitted
13:50:20.121 [StartIDEWebServerThread] WARN  o.e.j.u.component.AbstractLifeCycle - FAILED o.e.j.s.ServletContextHandler@51d31431{/,null,STARTING}: org.springframework.beans.factory.BeanDefinitionStoreException: Failed to read candidate component class: URL [jar:file:/Users/davidmoshal/Library/Application%20Support/JetBrains/Toolbox/apps/IDEA-U/ch-0/223.8214.52/IntelliJ%20IDEA.app.plugins/flow/lib/com.flow.ide-v20180402075523.jar!/com/flow/TopConfiguration.class]; nested exception is java.nio.file.NoSuchFileException: Cannot find `com/flow/TopConfiguration.class` in /Users/davidmoshal/Library/Application Support/JetBrains/Toolbox/apps/IDEA-U/ch-0/223.8214.52/IntelliJ IDEA.app.plugins/flow/lib/com.flow.ide-v20180402075523.jar
org.springframework.beans.factory.BeanDefinitionStoreException: Failed to read candidate component class: URL [jar:file:/Users/davidmoshal/Library/Application%20Support/JetBrains/Toolbox/apps/IDEA-U/ch-0/223.8214.52/IntelliJ%20IDEA.app.plugins/flow/lib/com.flow.ide-v20180402075523.jar!/com/flow/TopConfiguration.class]; nested exception is java.nio.file.NoSuchFileException: Cannot find `com/flow/TopConfiguration.class` in /Users/davidmoshal/Library/Application Support/JetBrains/Toolbox/apps/IDEA-U/ch-0/223.8214.52/IntelliJ IDEA.app.plugins/flow/lib/com.flow.ide-v20180402075523.jar
	at org.springframework.context.annotation.ClassPathScanningCandidateComponentProvider.findCandidateComponents(ClassPathScanningCandidateComponentProvider.java:303)
	at org.springframework.context.annotation.ClassPathBeanDefinitionScanner.doScan(ClassPathBeanDefinitionScanner.java:248)
	at org.springframework.context.annotation.ComponentScanAnnotationParser.parse(ComponentScanAnnotationParser.java:144)
	at org.springframework.context.annotation.ConfigurationClassParser.doProcessConfigurationClass(ConfigurationClassParser.java:275)
	at org.springframework.context.annotation.ConfigurationClassParser.processConfigurationClass(ConfigurationClassParser.java:237)
	at org.springframework.context.annotation.ConfigurationClassParser.parse(ConfigurationClassParser.java:204)
	at org.springframework.context.annotation.ConfigurationClassParser.parse(ConfigurationClassParser.java:173)
	at org.springframework.context.annotation.ConfigurationClassPostProcessor.processConfigBeanDefinitions(ConfigurationClassPostProcessor.java:321)
	at org.springframework.context.annotation.ConfigurationClassPostProcessor.postProcessBeanDefinitionRegistry(ConfigurationClassPostProcessor.java:243)
	at org.springframework.context.support.PostProcessorRegistrationDelegate.invokeBeanDefinitionRegistryPostProcessors(PostProcessorRegistrationDelegate.java:273)
	at org.springframework.context.support.PostProcessorRegistrationDelegate.invokeBeanFactoryPostProcessors(PostProcessorRegistrationDelegate.java:98)
	at org.springframework.context.support.AbstractApplicationContext.invokeBeanFactoryPostProcessors(AbstractApplicationContext.java:681)
	at org.springframework.context.support.AbstractApplicationContext.refresh(AbstractApplicationContext.java:523)
	at org.springframework.web.context.ContextLoader.configureAndRefreshWebApplicationContext(ContextLoader.java:444)
	at org.springframework.web.context.ContextLoader.initWebApplicationContext(ContextLoader.java:326)
	at org.springframework.web.context.ContextLoaderListener.contextInitialized(ContextLoaderListener.java:107)
	at org.eclipse.jetty.server.handler.ContextHandler.callContextInitialized(ContextHandler.java:800)
	at org.eclipse.jetty.servlet.ServletContextHandler.callContextInitialized(ServletContextHandler.java:444)
	at org.eclipse.jetty.server.handler.ContextHandler.startContext(ContextHandler.java:791)
	at org.eclipse.jetty.servlet.ServletContextHandler.startContext(ServletContextHandler.java:294)
	at org.eclipse.jetty.server.handler.ContextHandler.doStart(ContextHandler.java:741)
	at org.eclipse.jetty.util.component.AbstractLifeCycle.start(AbstractLifeCycle.java:68)
	at org.eclipse.jetty.util.component.ContainerLifeCycle.start(ContainerLifeCycle.java:132)
	at org.eclipse.jetty.server.Server.start(Server.java:387)
	at org.eclipse.jetty.util.component.ContainerLifeCycle.doStart(ContainerLifeCycle.java:114)
	at org.eclipse.jetty.server.handler.AbstractHandler.doStart(AbstractHandler.java:61)
	at org.eclipse.jetty.server.Server.doStart(Server.java:354)
	at org.eclipse.jetty.util.component.AbstractLifeCycle.start(AbstractLifeCycle.java:68)
	at com.flow.ide.server.JettyWebServer.start(JettyWebServer.java:59)
	at com.flow.intellij.bootstrap.FlowApplicationComponent$1.run(FlowApplicationComponent.java:58)
	at java.base/java.lang.Thread.run(Thread.java:833)
Caused by: java.nio.file.NoSuchFileException: Cannot find `com/flow/TopConfiguration.class` in /Users/davidmoshal/Library/Application Support/JetBrains/Toolbox/apps/IDEA-U/ch-0/223.8214.52/IntelliJ IDEA.app.plugins/flow/lib/com.flow.ide-v20180402075523.jar
	at com.intellij.util.lang.ZipResourceFile$MyJarUrlConnection.connect(ZipResourceFile.java:293)
	at com.intellij.util.lang.ZipResourceFile$MyJarUrlConnection.getInputStream(ZipResourceFile.java:306)
	at org.springframework.core.io.UrlResource.getInputStream(UrlResource.java:169)
	at org.springframework.core.type.classreading.SimpleMetadataReader.<init>(SimpleMetadataReader.java:50)
	at org.springframework.core.type.classreading.SimpleMetadataReaderFactory.getMetadataReader(SimpleMetadataReaderFactory.java:98)
	at org.springframework.core.type.classreading.CachingMetadataReaderFactory.getMetadataReader(CachingMetadataReaderFactory.java:102)
	at org.springframework.context.annotation.ClassPathScanningCandidateComponentProvider.findCandidateComponents(ClassPathScanningCandidateComponentProvider.java:279)
	... 30 common frames omitted
13:50:20.125 [StartIDEWebServerThread] INFO  o.e.jetty.server.ServerConnector - Started ServerConnector@438dbcde{HTTP/1.1}{0.0.0.0:3571}
13:50:20.126 [StartIDEWebServerThread] WARN  o.e.j.u.component.AbstractLifeCycle - FAILED org.eclipse.jetty.server.Server@c693263: org.springframework.beans.factory.BeanDefinitionStoreException: Failed to read candidate component class: URL [jar:file:/Users/davidmoshal/Library/Application%20Support/JetBrains/Toolbox/apps/IDEA-U/ch-0/223.8214.52/IntelliJ%20IDEA.app.plugins/flow/lib/com.flow.ide-v20180402075523.jar!/com/flow/TopConfiguration.class]; nested exception is java.nio.file.NoSuchFileException: Cannot find `com/flow/TopConfiguration.class` in /Users/davidmoshal/Library/Application Support/JetBrains/Toolbox/apps/IDEA-U/ch-0/223.8214.52/IntelliJ IDEA.app.plugins/flow/lib/com.flow.ide-v20180402075523.jar
org.springframework.beans.factory.BeanDefinitionStoreException: Failed to read candidate component class: URL [jar:file:/Users/davidmoshal/Library/Application%20Support/JetBrains/Toolbox/apps/IDEA-U/ch-0/223.8214.52/IntelliJ%20IDEA.app.plugins/flow/lib/com.flow.ide-v20180402075523.jar!/com/flow/TopConfiguration.class]; nested exception is java.nio.file.NoSuchFileException: Cannot find `com/flow/TopConfiguration.class` in /Users/davidmoshal/Library/Application Support/JetBrains/Toolbox/apps/IDEA-U/ch-0/223.8214.52/IntelliJ IDEA.app.plugins/flow/lib/com.flow.ide-v20180402075523.jar
	at org.springframework.context.annotation.ClassPathScanningCandidateComponentProvider.findCandidateComponents(ClassPathScanningCandidateComponentProvider.java:303)
	at org.springframework.context.annotation.ClassPathBeanDefinitionScanner.doScan(ClassPathBeanDefinitionScanner.java:248)
	at org.springframework.context.annotation.ComponentScanAnnotationParser.parse(ComponentScanAnnotationParser.java:144)
	at org.springframework.context.annotation.ConfigurationClassParser.doProcessConfigurationClass(ConfigurationClassParser.java:275)
	at org.springframework.context.annotation.ConfigurationClassParser.processConfigurationClass(ConfigurationClassParser.java:237)
	at org.springframework.context.annotation.ConfigurationClassParser.parse(ConfigurationClassParser.java:204)
	at org.springframework.context.annotation.ConfigurationClassParser.parse(ConfigurationClassParser.java:173)
	at org.springframework.context.annotation.ConfigurationClassPostProcessor.processConfigBeanDefinitions(ConfigurationClassPostProcessor.java:321)
	at org.springframework.context.annotation.ConfigurationClassPostProcessor.postProcessBeanDefinitionRegistry(ConfigurationClassPostProcessor.java:243)
	at org.springframework.context.support.PostProcessorRegistrationDelegate.invokeBeanDefinitionRegistryPostProcessors(PostProcessorRegistrationDelegate.java:273)
	at org.springframework.context.support.PostProcessorRegistrationDelegate.invokeBeanFactoryPostProcessors(PostProcessorRegistrationDelegate.java:98)
	at org.springframework.context.support.AbstractApplicationContext.invokeBeanFactoryPostProcessors(AbstractApplicationContext.java:681)
	at org.springframework.context.support.AbstractApplicationContext.refresh(AbstractApplicationContext.java:523)
	at org.springframework.web.context.ContextLoader.configureAndRefreshWebApplicationContext(ContextLoader.java:444)
	at org.springframework.web.context.ContextLoader.initWebApplicationContext(ContextLoader.java:326)
	at org.springframework.web.context.ContextLoaderListener.contextInitialized(ContextLoaderListener.java:107)
	at org.eclipse.jetty.server.handler.ContextHandler.callContextInitialized(ContextHandler.java:800)
	at org.eclipse.jetty.servlet.ServletContextHandler.callContextInitialized(ServletContextHandler.java:444)
	at org.eclipse.jetty.server.handler.ContextHandler.startContext(ContextHandler.java:791)
	at org.eclipse.jetty.servlet.ServletContextHandler.startContext(ServletContextHandler.java:294)
	at org.eclipse.jetty.server.handler.ContextHandler.doStart(ContextHandler.java:741)
	at org.eclipse.jetty.util.component.AbstractLifeCycle.start(AbstractLifeCycle.java:68)
	at org.eclipse.jetty.util.component.ContainerLifeCycle.start(ContainerLifeCycle.java:132)
	at org.eclipse.jetty.server.Server.start(Server.java:387)
	at org.eclipse.jetty.util.component.ContainerLifeCycle.doStart(ContainerLifeCycle.java:114)
	at org.eclipse.jetty.server.handler.AbstractHandler.doStart(AbstractHandler.java:61)
	at org.eclipse.jetty.server.Server.doStart(Server.java:354)
	at org.eclipse.jetty.util.component.AbstractLifeCycle.start(AbstractLifeCycle.java:68)
	at com.flow.ide.server.JettyWebServer.start(JettyWebServer.java:59)
	at com.flow.intellij.bootstrap.FlowApplicationComponent$1.run(FlowApplicationComponent.java:58)
	at java.base/java.lang.Thread.run(Thread.java:833)
Caused by: java.nio.file.NoSuchFileException: Cannot find `com/flow/TopConfiguration.class` in /Users/davidmoshal/Library/Application Support/JetBrains/Toolbox/apps/IDEA-U/ch-0/223.8214.52/IntelliJ IDEA.app.plugins/flow/lib/com.flow.ide-v20180402075523.jar
	at com.intellij.util.lang.ZipResourceFile$MyJarUrlConnection.connect(ZipResourceFile.java:293)
	at com.intellij.util.lang.ZipResourceFile$MyJarUrlConnection.getInputStream(ZipResourceFile.java:306)
	at org.springframework.core.io.UrlResource.getInputStream(UrlResource.java:169)
	at org.springframework.core.type.classreading.SimpleMetadataReader.<init>(SimpleMetadataReader.java:50)
	at org.springframework.core.type.classreading.SimpleMetadataReaderFactory.getMetadataReader(SimpleMetadataReaderFactory.java:98)
	at org.springframework.core.type.classreading.CachingMetadataReaderFactory.getMetadataReader(CachingMetadataReaderFactory.java:102)
	at org.springframework.context.annotation.ClassPathScanningCandidateComponentProvider.findCandidateComponents(ClassPathScanningCandidateComponentProvider.java:279)
	... 30 common frames omitted
13:50:20.127 [StartIDEWebServerThread] ERROR com.flow.ide.server.JettyWebServer - Jetty web server failed
org.springframework.beans.factory.BeanDefinitionStoreException: Failed to read candidate component class: URL [jar:file:/Users/davidmoshal/Library/Application%20Support/JetBrains/Toolbox/apps/IDEA-U/ch-0/223.8214.52/IntelliJ%20IDEA.app.plugins/flow/lib/com.flow.ide-v20180402075523.jar!/com/flow/TopConfiguration.class]; nested exception is java.nio.file.NoSuchFileException: Cannot find `com/flow/TopConfiguration.class` in /Users/davidmoshal/Library/Application Support/JetBrains/Toolbox/apps/IDEA-U/ch-0/223.8214.52/IntelliJ IDEA.app.plugins/flow/lib/com.flow.ide-v20180402075523.jar
	at org.springframework.context.annotation.ClassPathScanningCandidateComponentProvider.findCandidateComponents(ClassPathScanningCandidateComponentProvider.java:303)
	at org.springframework.context.annotation.ClassPathBeanDefinitionScanner.doScan(ClassPathBeanDefinitionScanner.java:248)
	at org.springframework.context.annotation.ComponentScanAnnotationParser.parse(ComponentScanAnnotationParser.java:144)
	at org.springframework.context.annotation.ConfigurationClassParser.doProcessConfigurationClass(ConfigurationClassParser.java:275)
	at org.springframework.context.annotation.ConfigurationClassParser.processConfigurationClass(ConfigurationClassParser.java:237)
	at org.springframework.context.annotation.ConfigurationClassParser.parse(ConfigurationClassParser.java:204)
	at org.springframework.context.annotation.ConfigurationClassParser.parse(ConfigurationClassParser.java:173)
	at org.springframework.context.annotation.ConfigurationClassPostProcessor.processConfigBeanDefinitions(ConfigurationClassPostProcessor.java:321)
	at org.springframework.context.annotation.ConfigurationClassPostProcessor.postProcessBeanDefinitionRegistry(ConfigurationClassPostProcessor.java:243)
	at org.springframework.context.support.PostProcessorRegistrationDelegate.invokeBeanDefinitionRegistryPostProcessors(PostProcessorRegistrationDelegate.java:273)
	at org.springframework.context.support.PostProcessorRegistrationDelegate.invokeBeanFactoryPostProcessors(PostProcessorRegistrationDelegate.java:98)
	at org.springframework.context.support.AbstractApplicationContext.invokeBeanFactoryPostProcessors(AbstractApplicationContext.java:681)
	at org.springframework.context.support.AbstractApplicationContext.refresh(AbstractApplicationContext.java:523)
	at org.springframework.web.context.ContextLoader.configureAndRefreshWebApplicationContext(ContextLoader.java:444)
	at org.springframework.web.context.ContextLoader.initWebApplicationContext(ContextLoader.java:326)
	at org.springframework.web.context.ContextLoaderListener.contextInitialized(ContextLoaderListener.java:107)
	at org.eclipse.jetty.server.handler.ContextHandler.callContextInitialized(ContextHandler.java:800)
	at org.eclipse.jetty.servlet.ServletContextHandler.callContextInitialized(ServletContextHandler.java:444)
	at org.eclipse.jetty.server.handler.ContextHandler.startContext(ContextHandler.java:791)
	at org.eclipse.jetty.servlet.ServletContextHandler.startContext(ServletContextHandler.java:294)
	at org.eclipse.jetty.server.handler.ContextHandler.doStart(ContextHandler.java:741)
	at org.eclipse.jetty.util.component.AbstractLifeCycle.start(AbstractLifeCycle.java:68)
	at org.eclipse.jetty.util.component.ContainerLifeCycle.start(ContainerLifeCycle.java:132)
	at org.eclipse.jetty.server.Server.start(Server.java:387)
	at org.eclipse.jetty.util.component.ContainerLifeCycle.doStart(ContainerLifeCycle.java:114)
	at org.eclipse.jetty.server.handler.AbstractHandler.doStart(AbstractHandler.java:61)
	at org.eclipse.jetty.server.Server.doStart(Server.java:354)
	at org.eclipse.jetty.util.component.AbstractLifeCycle.start(AbstractLifeCycle.java:68)
	at com.flow.ide.server.JettyWebServer.start(JettyWebServer.java:59)
	at com.flow.intellij.bootstrap.FlowApplicationComponent$1.run(FlowApplicationComponent.java:58)
	at java.base/java.lang.Thread.run(Thread.java:833)
Caused by: java.nio.file.NoSuchFileException: Cannot find `com/flow/TopConfiguration.class` in /Users/davidmoshal/Library/Application Support/JetBrains/Toolbox/apps/IDEA-U/ch-0/223.8214.52/IntelliJ IDEA.app.plugins/flow/lib/com.flow.ide-v20180402075523.jar
	at com.intellij.util.lang.ZipResourceFile$MyJarUrlConnection.connect(ZipResourceFile.java:293)
	at com.intellij.util.lang.ZipResourceFile$MyJarUrlConnection.getInputStream(ZipResourceFile.java:306)
	at org.springframework.core.io.UrlResource.getInputStream(UrlResource.java:169)
	at org.springframework.core.type.classreading.SimpleMetadataReader.<init>(SimpleMetadataReader.java:50)
	at org.springframework.core.type.classreading.SimpleMetadataReaderFactory.getMetadataReader(SimpleMetadataReaderFactory.java:98)
	at org.springframework.core.type.classreading.CachingMetadataReaderFactory.getMetadataReader(CachingMetadataReaderFactory.java:102)
	at org.springframework.context.annotation.ClassPathScanningCandidateComponentProvider.findCandidateComponents(ClassPathScanningCandidateComponentProvider.java:279)
	... 30 common frames omitted
13:50:20.129 [StartIDEWebServerThread] ERROR c.f.i.b.FlowApplicationComponent - Could not start web webServer
org.springframework.beans.factory.BeanDefinitionStoreException: Failed to read candidate component class: URL [jar:file:/Users/davidmoshal/Library/Application%20Support/JetBrains/Toolbox/apps/IDEA-U/ch-0/223.8214.52/IntelliJ%20IDEA.app.plugins/flow/lib/com.flow.ide-v20180402075523.jar!/com/flow/TopConfiguration.class]; nested exception is java.nio.file.NoSuchFileException: Cannot find `com/flow/TopConfiguration.class` in /Users/davidmoshal/Library/Application Support/JetBrains/Toolbox/apps/IDEA-U/ch-0/223.8214.52/IntelliJ IDEA.app.plugins/flow/lib/com.flow.ide-v20180402075523.jar
	at org.springframework.context.annotation.ClassPathScanningCandidateComponentProvider.findCandidateComponents(ClassPathScanningCandidateComponentProvider.java:303)
	at org.springframework.context.annotation.ClassPathBeanDefinitionScanner.doScan(ClassPathBeanDefinitionScanner.java:248)
	at org.springframework.context.annotation.ComponentScanAnnotationParser.parse(ComponentScanAnnotationParser.java:144)
	at org.springframework.context.annotation.ConfigurationClassParser.doProcessConfigurationClass(ConfigurationClassParser.java:275)
	at org.springframework.context.annotation.ConfigurationClassParser.processConfigurationClass(ConfigurationClassParser.java:237)
	at org.springframework.context.annotation.ConfigurationClassParser.parse(ConfigurationClassParser.java:204)
	at org.springframework.context.annotation.ConfigurationClassParser.parse(ConfigurationClassParser.java:173)
	at org.springframework.context.annotation.ConfigurationClassPostProcessor.processConfigBeanDefinitions(ConfigurationClassPostProcessor.java:321)
	at org.springframework.context.annotation.ConfigurationClassPostProcessor.postProcessBeanDefinitionRegistry(ConfigurationClassPostProcessor.java:243)
	at org.springframework.context.support.PostProcessorRegistrationDelegate.invokeBeanDefinitionRegistryPostProcessors(PostProcessorRegistrationDelegate.java:273)
	at org.springframework.context.support.PostProcessorRegistrationDelegate.invokeBeanFactoryPostProcessors(PostProcessorRegistrationDelegate.java:98)
	at org.springframework.context.support.AbstractApplicationContext.invokeBeanFactoryPostProcessors(AbstractApplicationContext.java:681)
	at org.springframework.context.support.AbstractApplicationContext.refresh(AbstractApplicationContext.java:523)
	at org.springframework.web.context.ContextLoader.configureAndRefreshWebApplicationContext(ContextLoader.java:444)
	at org.springframework.web.context.ContextLoader.initWebApplicationContext(ContextLoader.java:326)
	at org.springframework.web.context.ContextLoaderListener.contextInitialized(ContextLoaderListener.java:107)
	at org.eclipse.jetty.server.handler.ContextHandler.callContextInitialized(ContextHandler.java:800)
	at org.eclipse.jetty.servlet.ServletContextHandler.callContextInitialized(ServletContextHandler.java:444)
	at org.eclipse.jetty.server.handler.ContextHandler.startContext(ContextHandler.java:791)
	at org.eclipse.jetty.servlet.ServletContextHandler.startContext(ServletContextHandler.java:294)
	at org.eclipse.jetty.server.handler.ContextHandler.doStart(ContextHandler.java:741)
	at org.eclipse.jetty.util.component.AbstractLifeCycle.start(AbstractLifeCycle.java:68)
	at org.eclipse.jetty.util.component.ContainerLifeCycle.start(ContainerLifeCycle.java:132)
	at org.eclipse.jetty.server.Server.start(Server.java:387)
	at org.eclipse.jetty.util.component.ContainerLifeCycle.doStart(ContainerLifeCycle.java:114)
	at org.eclipse.jetty.server.handler.AbstractHandler.doStart(AbstractHandler.java:61)
	at org.eclipse.jetty.server.Server.doStart(Server.java:354)
	at org.eclipse.jetty.util.component.AbstractLifeCycle.start(AbstractLifeCycle.java:68)
	at com.flow.ide.server.JettyWebServer.start(JettyWebServer.java:59)
	at com.flow.intellij.bootstrap.FlowApplicationComponent$1.run(FlowApplicationComponent.java:58)
	at java.base/java.lang.Thread.run(Thread.java:833)
Caused by: java.nio.file.NoSuchFileException: Cannot find `com/flow/TopConfiguration.class` in /Users/davidmoshal/Library/Application Support/JetBrains/Toolbox/apps/IDEA-U/ch-0/223.8214.52/IntelliJ IDEA.app.plugins/flow/lib/com.flow.ide-v20180402075523.jar
	at com.intellij.util.lang.ZipResourceFile$MyJarUrlConnection.connect(ZipResourceFile.java:293)
	at com.intellij.util.lang.ZipResourceFile$MyJarUrlConnection.getInputStream(ZipResourceFile.java:306)
	at org.springframework.core.io.UrlResource.getInputStream(UrlResource.java:169)
	at org.springframework.core.type.classreading.SimpleMetadataReader.<init>(SimpleMetadataReader.java:50)
	at org.springframework.core.type.classreading.SimpleMetadataReaderFactory.getMetadataReader(SimpleMetadataReaderFactory.java:98)
	at org.springframework.core.type.classreading.CachingMetadataReaderFactory.getMetadataReader(CachingMetadataReaderFactory.java:102)
	at org.springframework.context.annotation.ClassPathScanningCandidateComponentProvider.findCandidateComponents(ClassPathScanningCandidateComponentProvider.java:279)
	... 30 common frames omitted
